Turbo Assembler	 Version 4.1	    09/13/14 02:34:48	    Page 1
prog.ASM



      1				     MASM
      2	0000			     MODEL SMALL
      3	0000			     .STACK 100h
      4	0000			     .CODE
      5	0000			     main PROC
      6	0000  B0 14			     MOV AL, 20
      7	0002  B3 0A			     MOV BL, 10
      8	0004  02 C3			     ADD AL, BL
      9	0006  80 EB 03			     SUB BL, 3
     10	0009  23 C3			     AND AX, BX
     11
     12	000B  B8 4C00			     MOV AX, 4c00h
     13	000E  CD 21			     INT 21h
     14	0010			     main ENDP
     15				     END main
Turbo Assembler	 Version 4.1	    09/13/14 02:34:48	    Page 2
Symbol Table




Symbol Name		Type   Value			   Cref	(defined at #)

??DATE			Text   "09/13/14"
??FILENAME		Text   "prog	"
??TIME			Text   "02:34:48"
??VERSION		Number 040A
@32BIT			Text   0			   #2
@CODE			Text   _TEXT			   #2  #2  #4
@CODESIZE		Text   0			   #2
@CPU			Text   0101H
@CURSEG			Text   _TEXT			   #4
@DATA			Text   DGROUP			   #2
@DATASIZE		Text   0			   #2
@FILENAME		Text   PROG
@INTERFACE		Text   000H			   #2
@MODEL			Text   2			   #2
@STACK			Text   DGROUP			   #2
@WORDSIZE		Text   2			   #4
MAIN			Near   _TEXT:0000		   #5  15

Groups & Segments	Bit Size Align	Combine	Class	   Cref	(defined at #)

DGROUP			Group				   #2  2
  STACK			16  0100 Para	Stack	STACK	   #3
  _DATA			16  0000 Word	Public	DATA	   #2
_TEXT			16  0010 Word	Public	CODE	   #2  2  #4  4
